生成启动时间为 2015/2/11 15:06:38。
     1>项目“C:\Users\SQY\Documents\Visual Studio 2015\Projects\txgShow\txgShow\txgShow.vcxproj”在节点 2 上(Build 个目标)。
     1>ClCompile:
         C:\Program Files (x86)\Microsoft Visual Studio 14.0\VC\bin\CL.exe /c /ZI /nologo /W3 /WX- /sdl- /Od /Ot /Oy- /D WIN32 /D _DEBUG /D _CONSOLE /D _UNICODE /D UNICODE /Gm /EHsc /RTC1 /MDd /GS- /arch:AVX2 /fp:precise /Zc:wchar_t /Zc:forScope /Yu"stdafx.h" /Fp"Debug\txgShow.pch" /Fo"Debug\\" /Fd"Debug\vc140.pdb" /Gd /TP /analyze- /errorReport:prompt txgShow.cpp
     1>cl : 命令行 warning D9025: 正在重写“/sdl-”(用“/GS-”)
         txgShow.cpp
     1>c:\users\sqy\documents\visual studio 2015\projects\txgshow\txgshow\txgshow.cpp(27): warning C4244: “=”: 从“double”转换到“float”，可能丢失数据
     1>c:\users\sqy\documents\visual studio 2015\projects\txgshow\txgshow\txgshow.cpp(27): warning C4244: “=”: 从“double”转换到“int”，可能丢失数据
     1>c:\users\sqy\documents\visual studio 2015\projects\txgshow\txgshow\txgshow.cpp(36): warning C4244: “初始化”: 从“double”转换到“float”，可能丢失数据
     1>c:\users\sqy\documents\visual studio 2015\projects\txgshow\txgshow\txgshow.cpp(39): warning C4244: “=”: 从“double”转换到“int”，可能丢失数据
     1>c:\users\sqy\documents\visual studio 2015\projects\txgshow\txgshow\txgshow.cpp(40): warning C4244: “=”: 从“double”转换到“int”，可能丢失数据
     1>c:\users\sqy\documents\visual studio 2015\projects\txgshow\txgshow\txgshow.cpp(61): warning C4244: “参数”: 从“float”转换到“int”，可能丢失数据
     1>c:\users\sqy\documents\visual studio 2015\projects\txgshow\txgshow\txgshow.cpp(69): warning C4244: “参数”: 从“float”转换到“int”，可能丢失数据
       Link:
         C:\Program Files (x86)\Microsoft Visual Studio 14.0\VC\bin\link.exe /ERRORREPORT:PROMPT /OUT:"C:\Users\SQY\Documents\Visual Studio 2015\Projects\txgShow\Debug\txgShow.exe" /INCREMENTAL /NOLOGO kernel32.lib user32.lib gdi32.lib winspool.lib comdlg32.lib advapi32.lib shell32.lib ole32.lib oleaut32.lib uuid.lib odbc32.lib odbccp32.lib kernel32.lib user32.lib gdi32.lib winspool.lib comdlg32.lib advapi32.lib shell32.lib ole32.lib oleaut32.lib uuid.lib odbc32.lib odbccp32.lib /MANIFEST /MANIFESTUAC:"level='asInvoker' uiAccess='false'" /manifest:embed /Debug /PDB:"C:\Users\SQY\Documents\Visual Studio 2015\Projects\txgShow\Debug\txgShow.pdb" /SUBSYSTEM:CONSOLE /TLBID:1 /DYNAMICBASE /NXCOMPAT /IMPLIB:"C:\Users\SQY\Documents\Visual Studio 2015\Projects\txgShow\Debug\txgShow.lib" /MACHINE:X86 Debug\stdafx.obj
         Debug\txgShow.obj
         txgShow.vcxproj -> C:\Users\SQY\Documents\Visual Studio 2015\Projects\txgShow\Debug\txgShow.exe
     1>已完成生成项目“C:\Users\SQY\Documents\Visual Studio 2015\Projects\txgShow\txgShow\txgShow.vcxproj”(Build 个目标)的操作。

生成成功。

已用时间 00:00:01.07
